<?xml version="1.0" encoding="UTF-8"?>
<testsuite xmlns:xsi="http://www.w3.org/2001/XMLSchema-instance" xsi:noNamespaceSchemaLocation="https://maven.apache.org/surefire/maven-surefire-plugin/xsd/surefire-test-report.xsd" name="CarritoTest" time="0.029" tests="1" errors="0" skipped="0" failures="1">
  <properties>
[...]
</properties>
  <testcase name="restarCantidadTest" classname="CarritoTest" time="0.024">
    <failure message="expected: &lt;847&gt; but was: &lt;890&gt;" type="org.opentest4j.AssertionFailedError"><![CDATA[org.opentest4j.AssertionFailedError: expected: <847> but was: <890>
	at CarritoTest.restarCantidadTest(CarritoTest.java:70)
]]></failure>
  </testcase>
</testsuite>